2024-06-24 18:08:06,499 p=3444395 u=upszot n=ansible | [WARNING]: A duplicate localhost-like entry was found (localhost). First found localhost was 127.0.0.1

2024-06-24 18:08:06,598 p=3444395 u=upszot n=ansible | PLAY [all] **********************************************************************************************************************************************************************************************************************************
2024-06-24 18:08:06,609 p=3444395 u=upszot n=ansible | TASK [Gathering Facts] **********************************************************************************************************************************************************************************************************************
2024-06-24 18:08:07,746 p=3444395 u=upszot n=ansible | ok: [localhost]
2024-06-24 18:08:07,775 p=3444395 u=upszot n=ansible | TASK [include_role : 2do_parcial] ***********************************************************************************************************************************************************************************************************
2024-06-24 18:08:07,805 p=3444395 u=upszot n=ansible | TASK [2do_parcial : debug] ******************************************************************************************************************************************************************************************************************
2024-06-24 18:08:07,817 p=3444395 u=upszot n=ansible | ok: [localhost] => {
    "msg": "Tareas del 2do Parcial"
}
2024-06-24 18:08:07,836 p=3444395 u=upszot n=ansible | TASK [Otra tarea] ***************************************************************************************************************************************************************************************************************************
2024-06-24 18:08:07,851 p=3444395 u=upszot n=ansible | ok: [localhost] => {
    "msg": "Despues de la ejecucion del rol"
}
2024-06-24 18:08:07,885 p=3444395 u=upszot n=ansible | PLAY RECAP **********************************************************************************************************************************************************************************************************************************
2024-06-24 18:08:07,885 p=3444395 u=upszot n=ansible | localhost                  : ok=3    changed=0    unreachable=0    failed=0    skipped=0    rescued=0    ignored=0   
2026-06-24 20:09:38,829 p=12571 u=vagrant n=ansible | [WARNING]: A duplicate localhost-like entry was found (localhost). First found localhost was 127.0.0.1

2026-06-24 20:09:39,058 p=12571 u=vagrant n=ansible | PLAY [all] **************************************************************************************************************************************
2026-06-24 20:09:39,068 p=12571 u=vagrant n=ansible | TASK [Gathering Facts] **************************************************************************************************************************
2026-06-24 20:09:39,191 p=12571 u=vagrant n=ansible | fatal: [127.0.0.1]: UNREACHABLE! => {"changed": false, "msg": "Failed to connect to the host via ssh: Warning: Permanently added '127.0.0.1' (ED25519) to the list of known hosts.\r\nvagrant@127.0.0.1: Permission denied (publickey,password).", "unreachable": true}
2026-06-24 20:09:40,795 p=12571 u=vagrant n=ansible | [WARNING]: Platform linux on host localhost is using the discovered Python interpreter at /usr/bin/python3.10, but future installation of
another Python interpreter could change the meaning of that path. See https://docs.ansible.com/ansible-
core/2.17/reference_appendices/interpreter_discovery.html for more information.

2026-06-24 20:09:40,795 p=12571 u=vagrant n=ansible | ok: [localhost]
2026-06-24 20:09:40,808 p=12571 u=vagrant n=ansible | TASK [include_role : 2do_parcial] ***************************************************************************************************************
2026-06-24 20:09:40,841 p=12571 u=vagrant n=ansible | included: 2do_parcial for localhost
2026-06-24 20:09:40,854 p=12571 u=vagrant n=ansible | TASK [2do_parcial : debug] **********************************************************************************************************************
2026-06-24 20:09:40,871 p=12571 u=vagrant n=ansible | ok: [localhost] => {
    "msg": "Tareas del 2do Parcial"
}
2026-06-24 20:09:40,893 p=12571 u=vagrant n=ansible | TASK [Otra tarea] *******************************************************************************************************************************
2026-06-24 20:09:40,910 p=12571 u=vagrant n=ansible | ok: [localhost] => {
    "msg": "Despues de la ejecucion del rol"
}
2026-06-24 20:09:40,911 p=12571 u=vagrant n=ansible | PLAY RECAP **************************************************************************************************************************************
2026-06-24 20:09:40,912 p=12571 u=vagrant n=ansible | 127.0.0.1                  : ok=0    changed=0    unreachable=1    failed=0    skipped=0    rescued=0    ignored=0   
2026-06-24 20:09:40,912 p=12571 u=vagrant n=ansible | localhost                  : ok=4    changed=0    unreachable=0    failed=0    skipped=0    rescued=0    ignored=0   
2026-06-24 20:12:42,604 p=12683 u=vagrant n=ansible | [WARNING]: A duplicate localhost-like entry was found (localhost). First found localhost was 127.0.0.1

2026-06-24 20:12:42,801 p=12683 u=vagrant n=ansible | PLAY [all] **************************************************************************************************************************************
2026-06-24 20:12:42,811 p=12683 u=vagrant n=ansible | TASK [Gathering Facts] **************************************************************************************************************************
2026-06-24 20:12:44,344 p=12683 u=vagrant n=ansible | [WARNING]: Platform linux on host localhost is using the discovered Python interpreter at /usr/bin/python3.10, but future installation of
another Python interpreter could change the meaning of that path. See https://docs.ansible.com/ansible-
core/2.17/reference_appendices/interpreter_discovery.html for more information.

2026-06-24 20:12:44,344 p=12683 u=vagrant n=ansible | ok: [localhost]
2026-06-24 20:12:44,358 p=12683 u=vagrant n=ansible | TASK [include_role : 2do_parcial] ***************************************************************************************************************
2026-06-24 20:12:44,395 p=12683 u=vagrant n=ansible | included: 2do_parcial for localhost
2026-06-24 20:12:44,408 p=12683 u=vagrant n=ansible | TASK [2do_parcial : Crear directorio alumno] ****************************************************************************************************
2026-06-24 20:12:44,815 p=12683 u=vagrant n=ansible | changed: [localhost]
2026-06-24 20:12:44,828 p=12683 u=vagrant n=ansible | TASK [2do_parcial : Crear directorio equipo] ****************************************************************************************************
2026-06-24 20:12:45,080 p=12683 u=vagrant n=ansible | changed: [localhost]
2026-06-24 20:12:45,093 p=12683 u=vagrant n=ansible | TASK [2do_parcial : Generar datos_alumno.txt] ***************************************************************************************************
2026-06-24 20:12:45,858 p=12683 u=vagrant n=ansible | changed: [localhost]
2026-06-24 20:12:45,870 p=12683 u=vagrant n=ansible | TASK [2do_parcial : Generar datos_equipo.txt] ***************************************************************************************************
2026-06-24 20:12:46,339 p=12683 u=vagrant n=ansible | changed: [localhost]
2026-06-24 20:12:46,352 p=12683 u=vagrant n=ansible | TASK [2do_parcial : Configurar sudoers para 2PSupervisores] *************************************************************************************
2026-06-24 20:12:46,801 p=12683 u=vagrant n=ansible | changed: [localhost]
2026-06-24 20:12:46,825 p=12683 u=vagrant n=ansible | TASK [Otra tarea] *******************************************************************************************************************************
2026-06-24 20:12:46,842 p=12683 u=vagrant n=ansible | ok: [localhost] => {
    "msg": "Despues de la ejecucion del rol"
}
2026-06-24 20:12:46,844 p=12683 u=vagrant n=ansible | PLAY RECAP **************************************************************************************************************************************
2026-06-24 20:12:46,844 p=12683 u=vagrant n=ansible | localhost                  : ok=8    changed=5    unreachable=0    failed=0    skipped=0    rescued=0    ignored=0   
